<?xml version="1.0" encoding="UTF-8"?>
<!-- Generated by org.testng.reporters.JUnitXMLReporter -->
<testsuite ignored="0" hostname="ip-172-31-21-20" failures="0" tests="0" name="Test" time="0.073" errors="0" timestamp="01 Jun 2023 05:33:40 GMT">
  <testcase classname="io.cucumber.testng.AbstractTestNGCucumberTests" name="@BeforeClass setUpClass" time="0.052">
    <failure type="java.lang.AbstractMethodError" message="Receiver class io.cucumber.testng.TestNGCucumberOptionsProvider$TestNGCucumberOptions does not define or inherit an implementation of the resolved method &amp;apos;abstract boolean strict()&amp;apos; of interface io.cucumber.core.options.CucumberOptionsAnnotationParser$CucumberOptions.">
      <![CDATA[java.lang.AbstractMethodError: Receiver class io.cucumber.testng.TestNGCucumberOptionsProvider$TestNGCucumberOptions does not define or inherit an implementation of the resolved method 'abstract boolean strict()' of interface io.cucumber.core.options.CucumberOptionsAnnotationParser$CucumberOptions.
at io.cucumber.core.options.CucumberOptionsAnnotationParser.addStrict(CucumberOptionsAnnotationParser.java:98)
at io.cucumber.core.options.CucumberOptionsAnnotationParser.parse(CucumberOptionsAnnotationParser.java:43)
at io.cucumber.testng.TestNGCucumberRunner.<init>(TestNGCucumberRunner.java:85)
at io.cucumber.testng.AbstractTestNGCucumberTests.setUpClass(AbstractTestNGCucumberTests.java:27)
... Removed 26 stack frames]]>
    </failure>
  </testcase> <!-- @BeforeClass setUpClass -->
</testsuite> <!-- Test -->
