<?xml version="1.0" encoding="UTF-8"?>
<testng-results ignored="0" total="1" passed="1" failed="0" skipped="0">
  <reporter-output>
  </reporter-output>
  <suite started-at="2023-06-01T10:35:06 UTC" name="Default suite" finished-at="2023-06-01T10:35:28 UTC" duration-ms="22692">
    <groups>
      <group name="cucumber">
        <method signature="AbstractTestNGCucumberTests.runScenario(io.cucumber.testng.PickleWrapper, io.cucumber.testng.FeatureWrapper)[pri:0, instance:com.simplilearn.OnlineFoodService.model.TestRunner@2abf4075]" name="runScenario" class="io.cucumber.testng.AbstractTestNGCucumberTests"/>
      </group> <!-- cucumber -->
    </groups>
    <test started-at="2023-06-01T10:35:06 UTC" name="Default test" finished-at="2023-06-01T10:35:28 UTC" duration-ms="22692">
      <class name="com.simplilearn.OnlineFoodService.model.TestRunner">
        <test-method is-config="true" signature="setUpClass()[pri:0, instance:com.simplilearn.OnlineFoodService.model.TestRunner@2abf4075]" started-at="2023-06-01T10:35:06 UTC" name="setUpClass" finished-at="2023-06-01T10:35:07 UTC" duration-ms="829" status="PASS">
          <reporter-output>
          </reporter-output>
        </test-method> <!-- setUpClass -->
        <test-method signature="runScenario(io.cucumber.testng.PickleWrapper, io.cucumber.testng.FeatureWrapper)[pri:0, instance:com.simplilearn.OnlineFoodService.model.TestRunner@2abf4075]" started-at="2023-06-01T10:35:07 UTC" name="runScenario" description="Runs Cucumber Scenarios" data-provider="scenarios" finished-at="2023-06-01T10:35:28 UTC" duration-ms="21499" status="PASS">
          <params>
            <param index="0">
              <value>
                <![CDATA["Title of your scenario"]]>
              </value>
            </param>
            <param index="1">
              <value>
                <![CDATA["Optional[eCommerce Page Validation]"]]>
              </value>
            </param>
          </params>
          <reporter-output>
          </reporter-output>
        </test-method> <!-- runScenario -->
        <test-method is-config="true" signature="tearDownClass()[pri:0, instance:com.simplilearn.OnlineFoodService.model.TestRunner@2abf4075]" started-at="2023-06-01T10:35:28 UTC" name="tearDownClass" finished-at="2023-06-01T10:35:28 UTC" duration-ms="323" status="PASS">
          <reporter-output>
          </reporter-output>
        </test-method> <!-- tearDownClass -->
      </class> <!-- com.simplilearn.OnlineFoodService.model.TestRunner -->
    </test> <!-- Default test -->
  </suite> <!-- Default suite -->
</testng-results>
